# JRE version: Java(TM) SE Runtime Environment (8.0_131-b11) (build 1.8.0_131-b11)
# Java VM: Java HotSpot(TM) 64-Bit Server VM (25.131-b11 mixed mode bsd-amd64 compressed oops)
Heap:
 PSYoungGen      total 282624K, used 16538K [0x0000000795580000, 0x00000007a8d80000, 0x00000007c0000000)
  eden space 268288K, 0% used [0x0000000795580000,0x00000007957e5428,0x00000007a5b80000)
  from space 14336K, 98% used [0x00000007a6480000,0x00000007a72415b8,0x00000007a7280000)
  to   space 25600K, 0% used [0x00000007a7480000,0x00000007a7480000,0x00000007a8d80000)
 ParOldGen       total 135168K, used 63745K [0x0000000740000000, 0x0000000748400000, 0x0000000795580000)
  object space 135168K, 47% used [0x0000000740000000,0x0000000743e404a8,0x0000000748400000)
 Metaspace       used 28290K, capacity 29160K, committed 29232K, reserved 1075200K
  class space    used 3937K, capacity 4135K, committed 4144K, reserved 1048576K
GC Heap History (10 events):
Event: 207.907 GC heap before
{Heap before GC invocations=16 (full 1):
 PSYoungGen      total 248832K, used 241856K [0x0000000795580000, 0x00000007a5c00000, 0x00000007c0000000)
  eden space 233984K, 100% used [0x0000000795580000,0x00000007a3a00000,0x00000007a3a00000)
  from space 14848K, 53% used [0x00000007a4d80000,0x00000007a5530000,0x00000007a5c00000)
  to   space 17408K, 0% used [0x00000007a3a00000,0x00000007a3a00000,0x00000007a4b00000)
 ParOldGen       total 135168K, used 37744K [0x0000000740000000, 0x0000000748400000, 0x0000000795580000)
  object space 135168K, 27% used [0x0000000740000000,0x00000007424dc380,0x0000000748400000)
 Metaspace       used 27174K, capacity 28022K, committed 28208K, reserved 1073152K
  class space    used 3871K, capacity 4064K, committed 4144K, reserved 1048576K
Event: 207.932 GC heap after
Heap after GC invocations=16 (full 1):
 PSYoungGen      total 251392K, used 7520K [0x0000000795580000, 0x00000007a9e80000, 0x00000007c0000000)
  eden space 233984K, 0% used [0x0000000795580000,0x0000000795580000,0x00000007a3a00000)
  from space 17408K, 43% used [0x00000007a3a00000,0x00000007a4158000,0x00000007a4b00000)
  to   space 17408K, 0% used [0x00000007a8d80000,0x00000007a8d80000,0x00000007a9e80000)
 ParOldGen       total 135168K, used 38806K [0x0000000740000000, 0x0000000748400000, 0x0000000795580000)
  object space 135168K, 28% used [0x0000000740000000,0x00000007425e5b58,0x0000000748400000)
 Metaspace       used 27174K, capacity 28022K, committed 28208K, reserved 1073152K
  class space    used 3871K, capacity 4064K, committed 4144K, reserved 1048576K
}
Event: 213.543 GC heap before
{Heap before GC invocations=17 (full 1):
 PSYoungGen      total 251392K, used 241504K [0x0000000795580000, 0x00000007a9e80000, 0x00000007c0000000)
  eden space 233984K, 100% used [0x0000000795580000,0x00000007a3a00000,0x00000007a3a00000)
  from space 17408K, 43% used [0x00000007a3a00000,0x00000007a4158000,0x00000007a4b00000)
  to   space 17408K, 0% used [0x00000007a8d80000,0x00000007a8d80000,0x00000007a9e80000)
 ParOldGen       total 135168K, used 38806K [0x0000000740000000, 0x0000000748400000, 0x0000000795580000)
  object space 135168K, 28% used [0x0000000740000000,0x00000007425e5b58,0x0000000748400000)
 Metaspace       used 27174K, capacity 28022K, committed 28208K, reserved 1073152K
  class space    used 3871K, capacity 4064K, committed 4144K, reserved 1048576K
Event: 213.564 GC heap after
Heap after GC invocations=17 (full 1):
 PSYoungGen      total 310272K, used 6496K [0x0000000795580000, 0x00000007a9a00000, 0x00000007c0000000)
  eden space 297472K, 0% used [0x0000000795580000,0x0000000795580000,0x00000007a7800000)
  from space 12800K, 50% used [0x00000007a8d80000,0x00000007a93d8000,0x00000007a9a00000)
  to   space 17408K, 0% used [0x00000007a7800000,0x00000007a7800000,0x00000007a8900000)
 ParOldGen       total 135168K, used 40158K [0x0000000740000000, 0x0000000748400000, 0x0000000795580000)
  object space 135168K, 29% used [0x0000000740000000,0x0000000742737b58,0x0000000748400000)
 Metaspace       used 27174K, capacity 28022K, committed 28208K, reserved 1073152K
  class space    used 3871K, capacity 4064K, committed 4144K, reserved 1048576K
}
Event: 600.281 GC heap before
{Heap before GC invocations=18 (full 1):
 PSYoungGen      total 310272K, used 303968K [0x0000000795580000, 0x00000007a9a00000, 0x00000007c0000000)
  eden space 297472K, 100% used [0x0000000795580000,0x00000007a7800000,0x00000007a7800000)
  from space 12800K, 50% used [0x00000007a8d80000,0x00000007a93d8000,0x00000007a9a00000)
  to   space 17408K, 0% used [0x00000007a7800000,0x00000007a7800000,0x00000007a8900000)
 ParOldGen       total 135168K, used 40158K [0x0000000740000000, 0x0000000748400000, 0x0000000795580000)
  object space 135168K, 29% used [0x0000000740000000,0x0000000742737b58,0x0000000748400000)
 Metaspace       used 27448K, capacity 28362K, committed 28464K, reserved 1073152K
  class space    used 3888K, capacity 4066K, committed 4144K, reserved 1048576K
Event: 600.322 GC heap after
Heap after GC invocations=18 (full 1):
 PSYoungGen      total 303104K, used 15653K [0x0000000795580000, 0x00000007a9200000, 0x00000007c0000000)
  eden space 287232K, 0% used [0x0000000795580000,0x0000000795580000,0x00000007a6e00000)
  from space 15872K, 98% used [0x00000007a7800000,0x00000007a8749488,0x00000007a8780000)
  to   space 10752K, 0% used [0x00000007a8780000,0x00000007a8780000,0x00000007a9200000)
 ParOldGen       total 135168K, used 40166K [0x0000000740000000, 0x0000000748400000, 0x0000000795580000)
  object space 135168K, 29% used [0x0000000740000000,0x0000000742739b58,0x0000000748400000)
 Metaspace       used 27448K, capacity 28362K, committed 28464K, reserved 1073152K
  class space    used 3888K, capacity 4066K, committed 4144K, reserved 1048576K
}
Event: 114526.968 GC heap before
{Heap before GC invocations=19 (full 1):
 PSYoungGen      total 303104K, used 302885K [0x0000000795580000, 0x00000007a9200000, 0x00000007c0000000)
  eden space 287232K, 100% used [0x0000000795580000,0x00000007a6e00000,0x00000007a6e00000)
  from space 15872K, 98% used [0x00000007a7800000,0x00000007a8749488,0x00000007a8780000)
  to   space 10752K, 0% used [0x00000007a8780000,0x00000007a8780000,0x00000007a9200000)
 ParOldGen       total 135168K, used 40166K [0x0000000740000000, 0x0000000748400000, 0x0000000795580000)
  object space 135168K, 29% used [0x0000000740000000,0x0000000742739b58,0x0000000748400000)
 Metaspace       used 28200K, capacity 29090K, committed 29232K, reserved 1075200K
  class space    used 3932K, capacity 4134K, committed 4144K, reserved 1048576K
Event: 114528.374 GC heap after
Heap after GC invocations=19 (full 1):
 PSYoungGen      total 288256K, used 10749K [0x0000000795580000, 0x00000007a9880000, 0x00000007c0000000)
  eden space 277504K, 0% used [0x0000000795580000,0x0000000795580000,0x00000007a6480000)
  from space 10752K, 99% used [0x00000007a8780000,0x00000007a91ff4a0,0x00000007a9200000)
  to   space 26624K, 0% used [0x00000007a6480000,0x00000007a6480000,0x00000007a7e80000)
 ParOldGen       total 135168K, used 63729K [0x0000000740000000, 0x0000000748400000, 0x0000000795580000)
  object space 135168K, 47% used [0x0000000740000000,0x0000000743e3c4a8,0x0000000748400000)
 Metaspace       used 28200K, capacity 29090K, committed 29232K, reserved 1075200K
  class space    used 3932K, capacity 4134K, committed 4144K, reserved 1048576K
}
Event: 244446.569 GC heap before
{Heap before GC invocations=20 (full 1):
 PSYoungGen      total 288256K, used 288253K [0x0000000795580000, 0x00000007a9880000, 0x00000007c0000000)
  eden space 277504K, 100% used [0x0000000795580000,0x00000007a6480000,0x00000007a6480000)
  from space 10752K, 99% used [0x00000007a8780000,0x00000007a91ff4a0,0x00000007a9200000)
  to   space 26624K, 0% used [0x00000007a6480000,0x00000007a6480000,0x00000007a7e80000)
 ParOldGen       total 135168K, used 63729K [0x0000000740000000, 0x0000000748400000, 0x0000000795580000)
  object space 135168K, 47% used [0x0000000740000000,0x0000000743e3c4a8,0x0000000748400000)
 Metaspace       used 28290K, capacity 29160K, committed 29232K, reserved 1075200K
  class space    used 3937K, capacity 4135K, committed 4144K, reserved 1048576K
Event: 244449.646 GC heap after
Heap after GC invocations=20 (full 1):
 PSYoungGen      total 282624K, used 14085K [0x0000000795580000, 0x00000007a8d80000, 0x00000007c0000000)
  eden space 268288K, 0% used [0x0000000795580000,0x0000000795580000,0x00000007a5b80000)
  from space 14336K, 98% used [0x00000007a6480000,0x00000007a72415b8,0x00000007a7280000)
  to   space 25600K, 0% used [0x00000007a7480000,0x00000007a7480000,0x00000007a8d80000)
 ParOldGen       total 135168K, used 63745K [0x0000000740000000, 0x0000000748400000, 0x0000000795580000)
  object space 135168K, 47% used [0x0000000740000000,0x0000000743e404a8,0x0000000748400000)
 Metaspace       used 28290K, capacity 29160K, committed 29232K, reserved 1075200K
  class space    used 3937K, capacity 4135K, committed 4144K, reserved 1048576K
}

